This file contains any messages produced by compilers while
running configure, to aid debugging if configure makes a mistake.

It was created by consonance configure 0.5, which was
generated by GNU Autoconf 2.63.  Invocation command line was

  $ ./configure 

## --------- ##
## Platform. ##
## --------- ##

hostname = localhost.localdomain
uname -m = i686
uname -r = 2.6.29.1-68.fc11.i586
uname -s = Linux
uname -v = #1 SMP Sat Apr 11 02:06:17 EDT 2009

/usr/bin/uname -p = unknown
/bin/uname -X     = unknown

/bin/arch              = i686
/usr/bin/arch -k       = unknown
/usr/convex/getsysinfo = unknown
/usr/bin/hostinfo      = unknown
/bin/machine           = unknown
/usr/bin/oslevel       = unknown
/bin/universe          = unknown

PATH: /usr/lib/qt-3.3/bin
PATH: /usr/kerberos/bin
PATH: /usr/local/bin
PATH: /usr/bin
PATH: /bin


## ----------- ##
## Core tests. ##
## ----------- ##

configure:2197: checking for a BSD-compatible install
configure:2265: result: /usr/bin/install -c
configure:2276: checking whether build environment is sane
configure:2319: result: yes
configure:2344: checking for a thread-safe mkdir -p
configure:2383: result: /bin/mkdir -p
configure:2396: checking for gawk
configure:2412: found /usr/bin/gawk
configure:2423: result: gawk
configure:2434: checking whether make sets $(MAKE)
configure:2456: result: yes
configure:2694: checking for gcc
configure:2710: found /usr/bin/gcc
configure:2721: result: gcc
configure:2953: checking for C compiler version
configure:2961: gcc --version >&5
gcc (GCC) 4.4.0 20090409 (Red Hat 4.4.0-0.32)
Copyright (C) 2009 Free Software Foundation, Inc.
This is free software; see the source for copying conditions.  There is NO
warranty; not even for MERCHANTABILITY or FITNESS FOR A PARTICULAR PURPOSE.

configure:2965: $? = 0
configure:2972: gcc -v >&5
Using built-in specs.
Target: i586-redhat-linux
Configured with: ../configure --prefix=/usr --mandir=/usr/share/man --infodir=/usr/share/info --with-bugurl=http://bugzilla.redhat.com/bugzilla --enable-bootstrap --enable-shared --enable-threads=posix --enable-checking=release --with-system-zlib --enable-__cxa_atexit --disable-libunwind-exceptions --enable-languages=c,c++,objc,obj-c++,java,fortran,ada --enable-java-awt=gtk --disable-dssi --enable-plugin --with-java-home=/usr/lib/jvm/java-1.5.0-gcj-1.5.0.0/jre --enable-libgcj-multifile --enable-java-maintainer-mode --with-ecj-jar=/usr/share/java/eclipse-ecj.jar --disable-libjava-multilib --with-ppl --with-cloog --with-tune=generic --with-arch=i586 --build=i586-redhat-linux
Thread model: posix
gcc version 4.4.0 20090409 (Red Hat 4.4.0-0.32) (GCC) 
configure:2976: $? = 0
configure:2983: gcc -V >&5
gcc: '-V' option must have argument
configure:2987: $? = 1
configure:3010: checking for C compiler default output file name
configure:3032: gcc    conftest.c  >&5
configure:3036: $? = 0
configure:3074: result: a.out
configure:3093: checking whether the C compiler works
configure:3103: ./a.out
configure:3107: $? = 0
configure:3126: result: yes
configure:3133: checking whether we are cross compiling
configure:3135: result: no
configure:3138: checking for suffix of executables
configure:3145: gcc -o conftest    conftest.c  >&5
configure:3149: $? = 0
configure:3175: result: 
configure:3181: checking for suffix of object files
configure:3207: gcc -c   conftest.c >&5
configure:3211: $? = 0
configure:3236: result: o
configure:3240: checking whether we are using the GNU C compiler
configure:3269: gcc -c   conftest.c >&5
configure:3276: $? = 0
configure:3293: result: yes
configure:3302: checking whether gcc accepts -g
configure:3332: gcc -c -g  conftest.c >&5
configure:3339: $? = 0
configure:3440: result: yes
configure:3457: checking for gcc option to accept ISO C89
configure:3531: gcc  -c -g -O2  conftest.c >&5
configure:3538: $? = 0
configure:3561: result: none needed
configure:3590: checking for style of include used by make
configure:3618: result: GNU
configure:3643: checking dependency style of gcc
configure:3734: result: gcc3
configure:3763: checking for a BSD-compatible install
configure:3831: result: /usr/bin/install -c
configure:3873: checking build system type
configure:3891: result: i686-pc-linux-gnu
configure:3913: checking host system type
configure:3928: result: i686-pc-linux-gnu
configure:3950: checking for a sed that does not truncate output
configure:4016: result: /bin/sed
configure:4034: checking for grep that handles long lines and -e
configure:4094: result: /bin/grep
configure:4099: checking for egrep
configure:4163: result: /bin/grep -E
configure:4168: checking for fgrep
configure:4232: result: /bin/grep -F
configure:4267: checking for ld used by gcc
configure:4334: result: /usr/bin/ld
configure:4343: checking if the linker (/usr/bin/ld) is GNU ld
configure:4358: result: yes
configure:4370: checking for BSD- or MS-compatible name lister (nm)
configure:4419: result: /usr/bin/nm -B
configure:4537: checking the name lister (/usr/bin/nm -B) interface
configure:4544: gcc -c -g -O2  conftest.c >&5
configure:4547: /usr/bin/nm -B "conftest.o"
configure:4550: output
00000000 B some_variable
configure:4557: result: BSD nm
configure:4560: checking whether ln -s works
configure:4564: result: yes
configure:4572: checking the maximum length of command line arguments
configure:4692: result: 1966080
configure:4709: checking whether the shell understands some XSI constructs
configure:4719: result: yes
configure:4723: checking whether the shell understands "+="
configure:4729: result: yes
configure:4764: checking for /usr/bin/ld option to reload object files
configure:4771: result: -r
configure:4840: checking for objdump
configure:4856: found /usr/bin/objdump
configure:4867: result: objdump
configure:4899: checking how to recognize dependent libraries
configure:5095: result: pass_all
configure:5155: checking for ar
configure:5171: found /usr/bin/ar
configure:5182: result: ar
configure:5260: checking for strip
configure:5276: found /usr/bin/strip
configure:5287: result: strip
configure:5359: checking for ranlib
configure:5375: found /usr/bin/ranlib
configure:5386: result: ranlib
configure:5476: checking command to parse /usr/bin/nm -B output from gcc object
configure:5594: gcc -c -g -O2  conftest.c >&5
configure:5597: $? = 0
configure:5601: /usr/bin/nm -B conftest.o \| sed -n -e 's/^.*[	 ]\([ABCDGIRSTW][ABCDGIRSTW]*\)[	 ][	 ]*\([_A-Za-z][_A-Za-z0-9]*\)$/\1 \2 \2/p' \> conftest.nm
configure:5604: $? = 0
configure:5658: gcc -o conftest -g -O2   conftest.c conftstm.o >&5
configure:5661: $? = 0
configure:5699: result: ok
configure:6566: checking how to run the C preprocessor
configure:6606: gcc -E  conftest.c
configure:6613: $? = 0
configure:6644: gcc -E  conftest.c
conftest.c:10:28: error: ac_nonexistent.h: No such file or directory
configure:6651: $? = 1
configure: failed program was:
| /* confdefs.h.  */
| #define PACKAGE_NAME "consonance"
| #define PACKAGE_TARNAME "consonance"
| #define PACKAGE_VERSION "0.5"
| #define PACKAGE_STRING "consonance 0.5"
| #define PACKAGE_BUGREPORT "m.sujith@gmail.com"
| #define PACKAGE "consonance"
| #define VERSION "0.5"
| /* end confdefs.h.  */
| #include <ac_nonexistent.h>
configure:6684: result: gcc -E
configure:6713: gcc -E  conftest.c
configure:6720: $? = 0
configure:6751: gcc -E  conftest.c
conftest.c:10:28: error: ac_nonexistent.h: No such file or directory
configure:6758: $? = 1
configure: failed program was:
| /* confdefs.h.  */
| #define PACKAGE_NAME "consonance"
| #define PACKAGE_TARNAME "consonance"
| #define PACKAGE_VERSION "0.5"
| #define PACKAGE_STRING "consonance 0.5"
| #define PACKAGE_BUGREPORT "m.sujith@gmail.com"
| #define PACKAGE "consonance"
| #define VERSION "0.5"
| /* end confdefs.h.  */
| #include <ac_nonexistent.h>
configure:6798: checking for ANSI C header files
configure:6828: gcc -c -g -O2  conftest.c >&5
configure:6835: $? = 0
configure:6934: gcc -o conftest -g -O2   conftest.c  >&5
configure:6938: $? = 0
configure:6944: ./conftest
configure:6948: $? = 0
configure:6966: result: yes
configure:6990: checking for sys/types.h
configure:7011: gcc -c -g -O2  conftest.c >&5
configure:7018: $? = 0
configure:7035: result: yes
configure:6990: checking for sys/stat.h
configure:7011: gcc -c -g -O2  conftest.c >&5
configure:7018: $? = 0
configure:7035: result: yes
configure:6990: checking for stdlib.h
configure:7011: gcc -c -g -O2  conftest.c >&5
configure:7018: $? = 0
configure:7035: result: yes
configure:6990: checking for string.h
configure:7011: gcc -c -g -O2  conftest.c >&5
configure:7018: $? = 0
configure:7035: result: yes
configure:6990: checking for memory.h
configure:7011: gcc -c -g -O2  conftest.c >&5
configure:7018: $? = 0
configure:7035: result: yes
configure:6990: checking for strings.h
configure:7011: gcc -c -g -O2  conftest.c >&5
configure:7018: $? = 0
configure:7035: result: yes
configure:6990: checking for inttypes.h
configure:7011: gcc -c -g -O2  conftest.c >&5
configure:7018: $? = 0
configure:7035: result: yes
configure:6990: checking for stdint.h
configure:7011: gcc -c -g -O2  conftest.c >&5
configure:7018: $? = 0
configure:7035: result: yes
configure:6990: checking for unistd.h
configure:7011: gcc -c -g -O2  conftest.c >&5
configure:7018: $? = 0
configure:7035: result: yes
configure:7053: checking for dlfcn.h
configure:7074: gcc -c -g -O2  conftest.c >&5
configure:7081: $? = 0
configure:7098: result: yes
configure:7284: checking for objdir
configure:7299: result: .libs
configure:7591: checking if gcc supports -fno-rtti -fno-exceptions
configure:7609: gcc -c -g -O2  -fno-rtti -fno-exceptions conftest.c >&5
cc1: warning: command line option "-fno-rtti" is valid for C++/ObjC++ but not for C
configure:7613: $? = 0
configure:7626: result: no
configure:7646: checking for gcc option to produce PIC
configure:7918: result: -fPIC -DPIC
configure:7930: checking if gcc PIC flag -fPIC -DPIC works
configure:7948: gcc -c -g -O2  -fPIC -DPIC -DPIC conftest.c >&5
configure:7952: $? = 0
configure:7965: result: yes
configure:7989: checking if gcc static flag -static works
configure:8017: result: no
configure:8032: checking if gcc supports -c -o file.o
configure:8053: gcc -c -g -O2  -o out/conftest2.o conftest.c >&5
configure:8057: $? = 0
configure:8079: result: yes
configure:8087: checking if gcc supports -c -o file.o
configure:8134: result: yes
configure:8167: checking whether the gcc linker (/usr/bin/ld) supports shared libraries
configure:9241: result: yes
configure:9278: checking whether -lc should be explicitly linked in
configure:9283: gcc -c -g -O2  conftest.c >&5
configure:9286: $? = 0
configure:9301: gcc -shared conftest.o  -v -Wl,-soname -Wl,conftest -o conftest 2\>\&1 \| /bin/grep  -lc  \>/dev/null 2\>\&1
configure:9304: $? = 0
configure:9316: result: no
configure:9480: checking dynamic linker characteristics
configure:9923: gcc -o conftest -g -O2   -Wl,-rpath -Wl,/foo conftest.c  >&5
configure:9930: $? = 0
configure:10166: result: GNU/Linux ld.so
configure:10268: checking how to hardcode library paths into programs
configure:10293: result: immediate
configure:11126: checking whether stripping libraries is possible
configure:11131: result: yes
configure:11166: checking if libtool supports shared libraries
configure:11168: result: yes
configure:11171: checking whether to build shared libraries
configure:11192: result: yes
configure:11195: checking whether to build static libraries
configure:11199: result: yes
configure:11236: checking for ANSI C header files
configure:11404: result: yes
configure:11465: checking for pkg-config
configure:11483: found /usr/bin/pkg-config
configure:11495: result: /usr/bin/pkg-config
configure:11520: checking pkg-config is at least version 0.9.0
configure:11523: result: yes
configure:11534: checking for alsa
configure:11541: $PKG_CONFIG --exists --print-errors "alsa >= 1.0.15"
configure:11544: $? = 0
configure:11557: $PKG_CONFIG --exists --print-errors "alsa >= 1.0.15"
configure:11560: $? = 0
configure:11599: result: yes
configure:11606: checking for ao
configure:11613: $PKG_CONFIG --exists --print-errors "ao >= 0.8.8"
configure:11616: $? = 0
configure:11629: $PKG_CONFIG --exists --print-errors "ao >= 0.8.8"
configure:11632: $? = 0
configure:11671: result: yes
configure:11678: checking for flac
configure:11685: $PKG_CONFIG --exists --print-errors "flac >= 1.2.1"
configure:11688: $? = 0
configure:11701: $PKG_CONFIG --exists --print-errors "flac >= 1.2.1"
configure:11704: $? = 0
configure:11743: result: yes
configure:11750: checking for gthread
configure:11757: $PKG_CONFIG --exists --print-errors "gthread-2.0 >= 2.14.0"
configure:11760: $? = 0
configure:11773: $PKG_CONFIG --exists --print-errors "gthread-2.0 >= 2.14.0"
configure:11776: $? = 0
configure:11815: result: yes
configure:11822: checking for gio
configure:11829: $PKG_CONFIG --exists --print-errors "gio-2.0 >= 2.16.3"
configure:11832: $? = 0
configure:11845: $PKG_CONFIG --exists --print-errors "gio-2.0 >= 2.16.3"
configure:11848: $? = 0
configure:11887: result: yes
configure:11894: checking for gtk
configure:11901: $PKG_CONFIG --exists --print-errors "gtk+-2.0 >= 2.10.14"
configure:11904: $? = 0
configure:11917: $PKG_CONFIG --exists --print-errors "gtk+-2.0 >= 2.10.14"
configure:11920: $? = 0
configure:11959: result: yes
configure:11966: checking for taglib
configure:11973: $PKG_CONFIG --exists --print-errors "taglib >= 1.4"
configure:11976: $? = 0
configure:11989: $PKG_CONFIG --exists --print-errors "taglib >= 1.4"
configure:11992: $? = 0
configure:12031: result: yes
configure:12038: checking for mad
configure:12045: $PKG_CONFIG --exists --print-errors "mad >= 0.15"
configure:12048: $? = 0
configure:12061: $PKG_CONFIG --exists --print-errors "mad >= 0.15"
configure:12064: $? = 0
configure:12103: result: yes
configure:12110: checking for sqlite3
configure:12117: $PKG_CONFIG --exists --print-errors "sqlite3 >= 3.4"
configure:12120: $? = 0
configure:12133: $PKG_CONFIG --exists --print-errors "sqlite3 >= 3.4"
configure:12136: $? = 0
configure:12175: result: yes
configure:12182: checking for dbus
configure:12189: $PKG_CONFIG --exists --print-errors "dbus-glib-1 >= 0.74"
configure:12192: $? = 0
configure:12205: $PKG_CONFIG --exists --print-errors "dbus-glib-1 >= 0.74"
configure:12208: $? = 0
configure:12247: result: yes
configure:12254: checking for libnotify
configure:12261: $PKG_CONFIG --exists --print-errors "libnotify >= 0.4.4"
configure:12264: $? = 0
configure:12277: $PKG_CONFIG --exists --print-errors "libnotify >= 0.4.4"
configure:12280: $? = 0
configure:12319: result: yes
configure:12326: checking for sndfile
configure:12333: $PKG_CONFIG --exists --print-errors "sndfile >= 1.0.17"
configure:12336: $? = 0
configure:12349: $PKG_CONFIG --exists --print-errors "sndfile >= 1.0.17"
configure:12352: $? = 0
configure:12391: result: yes
configure:12398: checking for vorbisfile
configure:12405: $PKG_CONFIG --exists --print-errors "vorbisfile >= 1.2.0"
configure:12408: $? = 0
configure:12421: $PKG_CONFIG --exists --print-errors "vorbisfile >= 1.2.0"
configure:12424: $? = 0
configure:12463: result: yes
configure:12470: checking for libcurl
configure:12477: $PKG_CONFIG --exists --print-errors "libcurl >= 7.19.2"
configure:12480: $? = 0
configure:12493: $PKG_CONFIG --exists --print-errors "libcurl >= 7.19.2"
configure:12496: $? = 0
configure:12535: result: yes
configure:12542: checking for libcdio
configure:12549: $PKG_CONFIG --exists --print-errors "libcdio >= 0.80"
configure:12552: $? = 0
configure:12565: $PKG_CONFIG --exists --print-errors "libcdio >= 0.80"
configure:12568: $? = 0
configure:12607: result: yes
configure:12614: checking for libcdio_paranoia
configure:12621: $PKG_CONFIG --exists --print-errors "libcdio_paranoia >= 0.80"
configure:12624: $? = 0
configure:12637: $PKG_CONFIG --exists --print-errors "libcdio_paranoia >= 0.80"
configure:12640: $? = 0
configure:12679: result: yes
configure:12686: checking for libcddb
configure:12693: $PKG_CONFIG --exists --print-errors "libcddb >= 1.3.0"
configure:12696: $? = 0
configure:12709: $PKG_CONFIG --exists --print-errors "libcddb >= 1.3.0"
configure:12712: $? = 0
configure:12751: result: yes
configure:12758: checking for libmodplug
configure:12765: $PKG_CONFIG --exists --print-errors "libmodplug >= 0.8.0"
configure:12768: $? = 0
configure:12781: $PKG_CONFIG --exists --print-errors "libmodplug >= 0.8.0"
configure:12784: $? = 0
configure:12823: result: yes
configure:12829: checking for an ANSI C-conforming const
configure:12904: gcc -c -g -O2  conftest.c >&5
configure:12911: $? = 0
configure:12926: result: yes
configure:13055: creating ./config.status

## ---------------------- ##
## Running config.status. ##
## ---------------------- ##

This file was extended by consonance config.status 0.5, which was
generated by GNU Autoconf 2.63.  Invocation command line was

  CONFIG_FILES    = 
  CONFIG_HEADERS  = 
  CONFIG_LINKS    = 
  CONFIG_COMMANDS = 
  $ ./config.status 

on localhost.localdomain

config.status:1025: creating Makefile
config.status:1025: creating src/Makefile
config.status:1025: creating config.h
config.status:1299: executing depfiles commands
config.status:1299: executing libtool commands

## ---------------- ##
## Cache variables. ##
## ---------------- ##

ac_cv_build=i686-pc-linux-gnu
ac_cv_c_compiler_gnu=yes
ac_cv_c_const=yes
ac_cv_env_CC_set=
ac_cv_env_CC_value=
ac_cv_env_CFLAGS_set=
ac_cv_env_CFLAGS_value=
ac_cv_env_CPPFLAGS_set=
ac_cv_env_CPPFLAGS_value=
ac_cv_env_CPP_set=
ac_cv_env_CPP_value=
ac_cv_env_LDFLAGS_set=
ac_cv_env_LDFLAGS_value=
ac_cv_env_LIBS_set=
ac_cv_env_LIBS_value=
ac_cv_env_PKG_CONFIG_set=
ac_cv_env_PKG_CONFIG_value=
ac_cv_env_alsa_CFLAGS_set=
ac_cv_env_alsa_CFLAGS_value=
ac_cv_env_alsa_LIBS_set=
ac_cv_env_alsa_LIBS_value=
ac_cv_env_ao_CFLAGS_set=
ac_cv_env_ao_CFLAGS_value=
ac_cv_env_ao_LIBS_set=
ac_cv_env_ao_LIBS_value=
ac_cv_env_build_alias_set=
ac_cv_env_build_alias_value=
ac_cv_env_dbus_CFLAGS_set=
ac_cv_env_dbus_CFLAGS_value=
ac_cv_env_dbus_LIBS_set=
ac_cv_env_dbus_LIBS_value=
ac_cv_env_flac_CFLAGS_set=
ac_cv_env_flac_CFLAGS_value=
ac_cv_env_flac_LIBS_set=
ac_cv_env_flac_LIBS_value=
ac_cv_env_gio_CFLAGS_set=
ac_cv_env_gio_CFLAGS_value=
ac_cv_env_gio_LIBS_set=
ac_cv_env_gio_LIBS_value=
ac_cv_env_gthread_CFLAGS_set=
ac_cv_env_gthread_CFLAGS_value=
ac_cv_env_gthread_LIBS_set=
ac_cv_env_gthread_LIBS_value=
ac_cv_env_gtk_CFLAGS_set=
ac_cv_env_gtk_CFLAGS_value=
ac_cv_env_gtk_LIBS_set=
ac_cv_env_gtk_LIBS_value=
ac_cv_env_host_alias_set=
ac_cv_env_host_alias_value=
ac_cv_env_libcddb_CFLAGS_set=
ac_cv_env_libcddb_CFLAGS_value=
ac_cv_env_libcddb_LIBS_set=
ac_cv_env_libcddb_LIBS_value=
ac_cv_env_libcdio_CFLAGS_set=
ac_cv_env_libcdio_CFLAGS_value=
ac_cv_env_libcdio_LIBS_set=
ac_cv_env_libcdio_LIBS_value=
ac_cv_env_libcdio_paranoia_CFLAGS_set=
ac_cv_env_libcdio_paranoia_CFLAGS_value=
ac_cv_env_libcdio_paranoia_LIBS_set=
ac_cv_env_libcdio_paranoia_LIBS_value=
ac_cv_env_libcurl_CFLAGS_set=
ac_cv_env_libcurl_CFLAGS_value=
ac_cv_env_libcurl_LIBS_set=
ac_cv_env_libcurl_LIBS_value=
ac_cv_env_libmodplug_CFLAGS_set=
ac_cv_env_libmodplug_CFLAGS_value=
ac_cv_env_libmodplug_LIBS_set=
ac_cv_env_libmodplug_LIBS_value=
ac_cv_env_libnotify_CFLAGS_set=
ac_cv_env_libnotify_CFLAGS_value=
ac_cv_env_libnotify_LIBS_set=
ac_cv_env_libnotify_LIBS_value=
ac_cv_env_mad_CFLAGS_set=
ac_cv_env_mad_CFLAGS_value=
ac_cv_env_mad_LIBS_set=
ac_cv_env_mad_LIBS_value=
ac_cv_env_sndfile_CFLAGS_set=
ac_cv_env_sndfile_CFLAGS_value=
ac_cv_env_sndfile_LIBS_set=
ac_cv_env_sndfile_LIBS_value=
ac_cv_env_sqlite3_CFLAGS_set=
ac_cv_env_sqlite3_CFLAGS_value=
ac_cv_env_sqlite3_LIBS_set=
ac_cv_env_sqlite3_LIBS_value=
ac_cv_env_taglib_CFLAGS_set=
ac_cv_env_taglib_CFLAGS_value=
ac_cv_env_taglib_LIBS_set=
ac_cv_env_taglib_LIBS_value=
ac_cv_env_target_alias_set=
ac_cv_env_target_alias_value=
ac_cv_env_vorbisfile_CFLAGS_set=
ac_cv_env_vorbisfile_CFLAGS_value=
ac_cv_env_vorbisfile_LIBS_set=
ac_cv_env_vorbisfile_LIBS_value=
ac_cv_header_dlfcn_h=yes
ac_cv_header_inttypes_h=yes
ac_cv_header_memory_h=yes
ac_cv_header_stdc=yes
ac_cv_header_stdint_h=yes
ac_cv_header_stdlib_h=yes
ac_cv_header_string_h=yes
ac_cv_header_strings_h=yes
ac_cv_header_sys_stat_h=yes
ac_cv_header_sys_types_h=yes
ac_cv_header_unistd_h=yes
ac_cv_host=i686-pc-linux-gnu
ac_cv_objext=o
ac_cv_path_EGREP='/bin/grep -E'
ac_cv_path_FGREP='/bin/grep -F'
ac_cv_path_GREP=/bin/grep
ac_cv_path_SED=/bin/sed
ac_cv_path_ac_pt_PKG_CONFIG=/usr/bin/pkg-config
ac_cv_path_install='/usr/bin/install -c'
ac_cv_path_mkdir=/bin/mkdir
ac_cv_prog_AWK=gawk
ac_cv_prog_CPP='gcc -E'
ac_cv_prog_ac_ct_AR=ar
ac_cv_prog_ac_ct_CC=gcc
ac_cv_prog_ac_ct_OBJDUMP=objdump
ac_cv_prog_ac_ct_RANLIB=ranlib
ac_cv_prog_ac_ct_STRIP=strip
ac_cv_prog_cc_c89=
ac_cv_prog_cc_g=yes
ac_cv_prog_make_make_set=yes
am_cv_CC_dependencies_compiler_type=gcc3
lt_cv_deplibs_check_method=pass_all
lt_cv_file_magic_cmd='$MAGIC_CMD'
lt_cv_file_magic_test_file=
lt_cv_ld_reload_flag=-r
lt_cv_nm_interface='BSD nm'
lt_cv_objdir=.libs
lt_cv_path_LD=/usr/bin/ld
lt_cv_path_NM='/usr/bin/nm -B'
lt_cv_prog_compiler_c_o=yes
lt_cv_prog_compiler_pic_works=yes
lt_cv_prog_compiler_rtti_exceptions=no
lt_cv_prog_compiler_static_works=no
lt_cv_prog_gnu_ld=yes
lt_cv_sys_global_symbol_pipe='sed -n -e '\''s/^.*[	 ]\([ABCDGIRSTW][ABCDGIRSTW]*\)[	 ][	 ]*\([_A-Za-z][_A-Za-z0-9]*\)$/\1 \2 \2/p'\'''
lt_cv_sys_global_symbol_to_c_name_address='sed -n -e '\''s/^: \([^ ]*\) $/  {\"\1\", (void *) 0},/p'\'' -e '\''s/^[ABCDGIRSTW]* \([^ ]*\) \([^ ]*\)$/  {"\2", (void *) \&\2},/p'\'''
lt_cv_sys_global_symbol_to_c_name_address_lib_prefix='sed -n -e '\''s/^: \([^ ]*\) $/  {\"\1\", (void *) 0},/p'\'' -e '\''s/^[ABCDGIRSTW]* \([^ ]*\) \(lib[^ ]*\)$/  {"\2", (void *) \&\2},/p'\'' -e '\''s/^[ABCDGIRSTW]* \([^ ]*\) \([^ ]*\)$/  {"lib\2", (void *) \&\2},/p'\'''
lt_cv_sys_global_symbol_to_cdecl='sed -n -e '\''s/^T .* \(.*\)$/extern int \1();/p'\'' -e '\''s/^[ABCDGIRSTW]* .* \(.*\)$/extern char \1;/p'\'''
lt_cv_sys_max_cmd_len=1966080
pkg_cv_alsa_CFLAGS='-I/usr/include/alsa  '
pkg_cv_alsa_LIBS='-lasound  '
pkg_cv_ao_CFLAGS=' '
pkg_cv_ao_LIBS='-lao -lpthread -ldl  '
pkg_cv_dbus_CFLAGS='-I/usr/include/dbus-1.0 -I/usr/lib/dbus-1.0/include -I/usr/include/glib-2.0 -I/usr/lib/glib-2.0/include  '
pkg_cv_dbus_LIBS='-L/lib -ldbus-glib-1 -ldbus-1 -lgobject-2.0 -lglib-2.0  '
pkg_cv_flac_CFLAGS='-I/usr/include/FLAC  '
pkg_cv_flac_LIBS='-lFLAC -lm  '
pkg_cv_gio_CFLAGS='-I/usr/include/glib-2.0 -I/usr/lib/glib-2.0/include  '
pkg_cv_gio_LIBS='-lgio-2.0 -lgobject-2.0 -lgmodule-2.0 -lglib-2.0  '
pkg_cv_gthread_CFLAGS='-pthread -I/usr/include/glib-2.0 -I/usr/lib/glib-2.0/include  '
pkg_cv_gthread_LIBS='-pthread -lgthread-2.0 -lrt -lglib-2.0  '
pkg_cv_gtk_CFLAGS='-I/usr/include/gtk-2.0 -I/usr/lib/gtk-2.0/include -I/usr/include/atk-1.0 -I/usr/include/cairo -I/usr/include/pango-1.0 -I/usr/include/glib-2.0 -I/usr/lib/glib-2.0/include -I/usr/include/pixman-1 -I/usr/include/freetype2 -I/usr/include/libpng12  '
pkg_cv_gtk_LIBS='-lgtk-x11-2.0 -lgdk-x11-2.0 -latk-1.0 -lgio-2.0 -lpangoft2-1.0 -lgdk_pixbuf-2.0 -lpangocairo-1.0 -lcairo -lpango-1.0 -lfreetype -lfontconfig -lgobject-2.0 -lgmodule-2.0 -lglib-2.0  '
pkg_cv_libcddb_CFLAGS=' '
pkg_cv_libcddb_LIBS='-lcddb  '
pkg_cv_libcdio_CFLAGS=' '
pkg_cv_libcdio_LIBS='-lcdio -lm  '
pkg_cv_libcdio_paranoia_CFLAGS=' '
pkg_cv_libcdio_paranoia_LIBS='-lcdio_paranoia -lcdio_cdda -lcdio  '
pkg_cv_libcurl_CFLAGS=' '
pkg_cv_libcurl_LIBS='-lcurl  '
pkg_cv_libmodplug_CFLAGS='-I/usr/include/libmodplug  '
pkg_cv_libmodplug_LIBS='-lmodplug -lstdc++ -lm  '
pkg_cv_libnotify_CFLAGS='-I/usr/include/gtk-2.0 -I/usr/include/glib-2.0 -I/usr/lib/glib-2.0/include -I/usr/include/dbus-1.0 -I/usr/lib/dbus-1.0/include -I/usr/lib/gtk-2.0/include -I/usr/include/atk-1.0 -I/usr/include/cairo -I/usr/include/pango-1.0 -I/usr/include/pixman-1 -I/usr/include/freetype2 -I/usr/include/libpng12  '
pkg_cv_libnotify_LIBS='-L/lib -lnotify -lgtk-x11-2.0 -ldbus-glib-1 -lgdk-x11-2.0 -latk-1.0 -lgio-2.0 -lpangoft2-1.0 -lgdk_pixbuf-2.0 -lpangocairo-1.0 -lcairo -lpango-1.0 -lfreetype -lfontconfig -lgmodule-2.0 -ldbus-1 -lgobject-2.0 -lglib-2.0  '
pkg_cv_mad_CFLAGS=' '
pkg_cv_mad_LIBS='-lmad -lm  '
pkg_cv_sndfile_CFLAGS=' '
pkg_cv_sndfile_LIBS='-lsndfile  '
pkg_cv_sqlite3_CFLAGS=' '
pkg_cv_sqlite3_LIBS='-lsqlite3  '
pkg_cv_taglib_CFLAGS='-I/usr/include/taglib  '
pkg_cv_taglib_LIBS='-ltag  '
pkg_cv_vorbisfile_CFLAGS=' '
pkg_cv_vorbisfile_LIBS='-lvorbisfile -lvorbis -lm -logg  '

## ----------------- ##
## Output variables. ##
## ----------------- ##

ACLOCAL='${SHELL} /home/matias/Proyectos/Consonance/consonance/missing --run aclocal-1.10'
AMDEPBACKSLASH='\'
AMDEP_FALSE='#'
AMDEP_TRUE=''
AMTAR='${SHELL} /home/matias/Proyectos/Consonance/consonance/missing --run tar'
AR='ar'
AUTOCONF='${SHELL} /home/matias/Proyectos/Consonance/consonance/missing --run autoconf'
AUTOHEADER='${SHELL} /home/matias/Proyectos/Consonance/consonance/missing --run autoheader'
AUTOMAKE='${SHELL} /home/matias/Proyectos/Consonance/consonance/missing --run automake-1.10'
AWK='gawk'
CC='gcc'
CCDEPMODE='depmode=gcc3'
CFLAGS='-g -O2'
CPP='gcc -E'
CPPFLAGS=''
CYGPATH_W='echo'
DEFS='-DHAVE_CONFIG_H'
DEPDIR='.deps'
DSYMUTIL=''
DUMPBIN=''
ECHO_C=''
ECHO_N='-n'
ECHO_T=''
EGREP='/bin/grep -E'
EXEEXT=''
FGREP='/bin/grep -F'
GREP='/bin/grep'
INSTALL_DATA='${INSTALL} -m 644'
INSTALL_PROGRAM='${INSTALL}'
INSTALL_SCRIPT='${INSTALL}'
INSTALL_STRIP_PROGRAM='$(install_sh) -c -s'
LD='/usr/bin/ld'
LDFLAGS=''
LIBOBJS=''
LIBS=''
LIBTOOL='$(SHELL) $(top_builddir)/libtool'
LIPO=''
LN_S='ln -s'
LTLIBOBJS=''
MAKEINFO='${SHELL} /home/matias/Proyectos/Consonance/consonance/missing --run makeinfo'
MKDIR_P='/bin/mkdir -p'
NM='/usr/bin/nm -B'
NMEDIT=''
OBJDUMP='objdump'
OBJEXT='o'
OTOOL64=''
OTOOL=''
PACKAGE='consonance'
PACKAGE_BUGREPORT='m.sujith@gmail.com'
PACKAGE_NAME='consonance'
PACKAGE_STRING='consonance 0.5'
PACKAGE_TARNAME='consonance'
PACKAGE_VERSION='0.5'
PATH_SEPARATOR=':'
PKG_CONFIG='/usr/bin/pkg-config'
RANLIB='ranlib'
SED='/bin/sed'
SET_MAKE=''
SHELL='/bin/sh'
STRIP='strip'
VERSION='0.5'
ac_ct_CC='gcc'
ac_ct_DUMPBIN=''
alsa_CFLAGS='-I/usr/include/alsa  '
alsa_LIBS='-lasound  '
am__fastdepCC_FALSE='#'
am__fastdepCC_TRUE=''
am__include='include'
am__isrc=''
am__leading_dot='.'
am__quote=''
am__tar='${AMTAR} chof - "$$tardir"'
am__untar='${AMTAR} xf -'
ao_CFLAGS=' '
ao_LIBS='-lao -lpthread -ldl  '
bindir='${exec_prefix}/bin'
build='i686-pc-linux-gnu'
build_alias=''
build_cpu='i686'
build_os='linux-gnu'
build_vendor='pc'
datadir='${datarootdir}'
datarootdir='${prefix}/share'
dbus_CFLAGS='-I/usr/include/dbus-1.0 -I/usr/lib/dbus-1.0/include -I/usr/include/glib-2.0 -I/usr/lib/glib-2.0/include  '
dbus_LIBS='-L/lib -ldbus-glib-1 -ldbus-1 -lgobject-2.0 -lglib-2.0  '
docdir='${datarootdir}/doc/${PACKAGE_TARNAME}'
dvidir='${docdir}'
exec_prefix='${prefix}'
flac_CFLAGS='-I/usr/include/FLAC  '
flac_LIBS='-lFLAC -lm  '
gio_CFLAGS='-I/usr/include/glib-2.0 -I/usr/lib/glib-2.0/include  '
gio_LIBS='-lgio-2.0 -lgobject-2.0 -lgmodule-2.0 -lglib-2.0  '
gthread_CFLAGS='-pthread -I/usr/include/glib-2.0 -I/usr/lib/glib-2.0/include  '
gthread_LIBS='-pthread -lgthread-2.0 -lrt -lglib-2.0  '
gtk_CFLAGS='-I/usr/include/gtk-2.0 -I/usr/lib/gtk-2.0/include -I/usr/include/atk-1.0 -I/usr/include/cairo -I/usr/include/pango-1.0 -I/usr/include/glib-2.0 -I/usr/lib/glib-2.0/include -I/usr/include/pixman-1 -I/usr/include/freetype2 -I/usr/include/libpng12  '
gtk_LIBS='-lgtk-x11-2.0 -lgdk-x11-2.0 -latk-1.0 -lgio-2.0 -lpangoft2-1.0 -lgdk_pixbuf-2.0 -lpangocairo-1.0 -lcairo -lpango-1.0 -lfreetype -lfontconfig -lgobject-2.0 -lgmodule-2.0 -lglib-2.0  '
host='i686-pc-linux-gnu'
host_alias=''
host_cpu='i686'
host_os='linux-gnu'
host_vendor='pc'
htmldir='${docdir}'
includedir='${prefix}/include'
infodir='${datarootdir}/info'
install_sh='$(SHELL) /home/matias/Proyectos/Consonance/consonance/install-sh'
libcddb_CFLAGS=' '
libcddb_LIBS='-lcddb  '
libcdio_CFLAGS=' '
libcdio_LIBS='-lcdio -lm  '
libcdio_paranoia_CFLAGS=' '
libcdio_paranoia_LIBS='-lcdio_paranoia -lcdio_cdda -lcdio  '
libcurl_CFLAGS=' '
libcurl_LIBS='-lcurl  '
libdir='${exec_prefix}/lib'
libexecdir='${exec_prefix}/libexec'
libmodplug_CFLAGS='-I/usr/include/libmodplug  '
libmodplug_LIBS='-lmodplug -lstdc++ -lm  '
libnotify_CFLAGS='-I/usr/include/gtk-2.0 -I/usr/include/glib-2.0 -I/usr/lib/glib-2.0/include -I/usr/include/dbus-1.0 -I/usr/lib/dbus-1.0/include -I/usr/lib/gtk-2.0/include -I/usr/include/atk-1.0 -I/usr/include/cairo -I/usr/include/pango-1.0 -I/usr/include/pixman-1 -I/usr/include/freetype2 -I/usr/include/libpng12  '
libnotify_LIBS='-L/lib -lnotify -lgtk-x11-2.0 -ldbus-glib-1 -lgdk-x11-2.0 -latk-1.0 -lgio-2.0 -lpangoft2-1.0 -lgdk_pixbuf-2.0 -lpangocairo-1.0 -lcairo -lpango-1.0 -lfreetype -lfontconfig -lgmodule-2.0 -ldbus-1 -lgobject-2.0 -lglib-2.0  '
localedir='${datarootdir}/locale'
localstatedir='${prefix}/var'
lt_ECHO='echo'
mad_CFLAGS=' '
mad_LIBS='-lmad -lm  '
mandir='${datarootdir}/man'
mkdir_p='/bin/mkdir -p'
oldincludedir='/usr/include'
pdfdir='${docdir}'
prefix='/usr/local'
program_transform_name='s,x,x,'
psdir='${docdir}'
sbindir='${exec_prefix}/sbin'
sharedstatedir='${prefix}/com'
sndfile_CFLAGS=' '
sndfile_LIBS='-lsndfile  '
sqlite3_CFLAGS=' '
sqlite3_LIBS='-lsqlite3  '
sysconfdir='${prefix}/etc'
taglib_CFLAGS='-I/usr/include/taglib  '
taglib_LIBS='-ltag  '
target_alias=''
vorbisfile_CFLAGS=' '
vorbisfile_LIBS='-lvorbisfile -lvorbis -lm -logg  '

## ----------- ##
## confdefs.h. ##
## ----------- ##

#define PACKAGE_NAME "consonance"
#define PACKAGE_TARNAME "consonance"
#define PACKAGE_VERSION "0.5"
#define PACKAGE_STRING "consonance 0.5"
#define PACKAGE_BUGREPORT "m.sujith@gmail.com"
#define PACKAGE "consonance"
#define VERSION "0.5"
#define STDC_HEADERS 1
#define HAVE_SYS_TYPES_H 1
#define HAVE_SYS_STAT_H 1
#define HAVE_STDLIB_H 1
#define HAVE_STRING_H 1
#define HAVE_MEMORY_H 1
#define HAVE_STRINGS_H 1
#define HAVE_INTTYPES_H 1
#define HAVE_STDINT_H 1
#define HAVE_UNISTD_H 1
#define HAVE_DLFCN_H 1
#define LT_OBJDIR ".libs/"
#define STDC_HEADERS 1

configure: exit 0
